[www.widelab.co/index.html]
[backblue.gif]
[fade.gif]
[index.html]
[cdn.prod.website-files.com/6422b97da981524088bb0b36/css/wideweb.35b79e906.min.css]
[cdn.prod.website-files.com/6422b97da981524088bb0b36/6422b97da98152b67abb0ba6_favicon.png]
[cdn.prod.website-files.com/6422b97da981524088bb0b36/6422b97da98152fb84bb0b97_webclip.png]
[www.widelab.co/âhttp_/cdn.jsdelivr.net_]
[cdn.prod.website-files.com/6422b97da981524088bb0b36/css/wideweb.4f4141bf0.min.css]
[cdn.jsdelivr.net/npm/@splidejs/splide@4.1.4/dist/css/splide.min.css]
[d3e54v103j8qbb.cloudfront.net/js/jquery-3.5.1.min.dc5e7f18c89cd4.js]
[www.widelab.co/privacy-policy.html]
[www.widelab.co/case-studies.html]
[www.widelab.co/services.html]
[www.widelab.co/clients.html]
[www.widelab.co/blog.html]
[www.widelab.co/case-studies/traba.html]
[www.widelab.co/case-studies/hopin.html]
[www.widelab.co/case-studies/founderpath.html]
[www.widelab.co/case-studies/minnow.html]
[www.widelab.co/case-studies/trolley.html]
[cdn.prod.website-files.com/6422b97da98152839ebb0b60/6422b97da981521fe6bb0c0f_diesel.png]
[cdn.prod.website-files.com/6422b97da98152839ebb0b60/6422b97da981523ccebb0c0b_wework.png]
[cdn.prod.website-files.com/6422b97da98152839ebb0b60/6422b97da98152861abb0c12_hopin.png]
[cdn.prod.website-files.com/6422b97da98152839ebb0b60/6422b97da981524830bb0c0d_moncler.png]
[cdn.prod.website-files.com/6422b97da98152839ebb0b60/6422b97da98152edc4bb0c11_wibbitz.png]
[cdn.prod.website-files.com/6422b97da98152839ebb0b60/6422b97da9815209b3bb0c0c_koro.png]
[cdn.prod.website-files.com/6422b97da98152839ebb0b60/6422b97da98152e828bb0c0e_cloudkitchens.png]
[cdn.prod.website-files.com/6422b97da98152839ebb0b60/6422b97da981521c03bb0c10_fitch-ratings.png]
[cdn.prod.website-files.com/6422b97da98152839ebb0b60/6422b97da981528c9fbb0c0a_trolley.png]
[cdn.prod.website-files.com/6422b97da98152839ebb0b60/6422b97da981527c18bb0c13_walkme.png]
[cdn.prod.website-files.com/6422b97da98152839ebb0b60/6683c80d89e0100b3f5cf0d5_6515bb20b081207f8b9ea0c6_lukasz-krzeminski.png]
[cdn.prod.website-files.com/6422b97da981524088bb0b36/js/wideweb.c83f8c01b.js]
[www.widelab.co/index.html]
[cdn.prod.website-files.com/6422b97da981524088bb0b36/css/wideweb.35b79e906.min.css]
[www.widelab.co/âhttp_/cdn.jsdelivr.html]
[www.googletagmanager.com/gtm5445.html]
[cdn.prod.website-files.com/6422b97da981524088bb0b36/css/wideweb.4f4141bf0.min.css]
[cdn.jsdelivr.net/npm/@splidejs/splide@4.1.4/dist/css/splide.min.css]
[www.widelab.co/privacy-policy.html]
[cdn.jsdelivr.net/npm/@finsweet/cookie-consent@1/fs-cc.js]
[www.widelab.co/case-studies/traineffective.html]
[www.widelab.co/case-studies.html]
[www.widelab.co/services.html]
[cdn.prod.website-files.com/6422b97da98152839ebb0b60/664770f0f11b5ede862cdaf8_ck-1.jpg]
[cdn.prod.website-files.com/6422b97da98152839ebb0b60/664770f35afa9d658cbf01a5_ck-2.jpg]
[cdn.prod.website-files.com/6422b97da98152839ebb0b60/664770f6734b16e49ae09f4b_ck-3.jpg]
[cdn.prod.website-files.com/6422b97da98152839ebb0b60/66cd90bf3c12269cfbbe366b_WeWork_a.png]
[cdn.prod.website-files.com/6422b97da98152839ebb0b60/66cd90c3dc44806a5291a21a_WeWork_a (1).png]
[cdn.prod.website-files.com/6422b97da98152839ebb0b60/66cd90c6c5cc500049332548_WeWork_a (2).png]
[cdn.prod.website-files.com/6422b97da98152839ebb0b60/66e2bfdaeeee3adceaa0aa5e_mend.io_.png]
[cdn.prod.website-files.com/6422b97da98152839ebb0b60/664772bc27d1968ae2fa3d5d_Fitch-3.jpg]
[cdn.prod.website-files.com/6422b97da98152839ebb0b60/6683b71fe7f20fc58fe3ef06_ck-1 (3).png]
[cdn.prod.website-files.com/6422b97da98152839ebb0b60/6683b729875f1845805ba0ef_ck-2 (2).png]
[cdn.prod.website-files.com/6422b97da98152839ebb0b60/6683b7341ca49d5b73806b66_ck-3 (4).png]
[cdn.prod.website-files.com/6422b97da98152839ebb0b60/6683b826b040256010dbf367_ck-1 (4).png]
[cdn.prod.website-files.com/6422b97da98152839ebb0b60/6683b82adaf4f2db06c7cfdd_ck-2 (3).png]
[cdn.prod.website-files.com/6422b97da98152839ebb0b60/6683b82decfcd3693f97fddd_ck-3 (5).png]
[cdn.prod.website-files.com/6422b97da98152839ebb0b60/6683bb74af20c31bfeda46b7_AOG.png]
[cdn.prod.website-files.com/6422b97da98152839ebb0b60/6683bb79bc72467457c6f884_AOG (1).png]
[cdn.prod.website-files.com/6422b97da98152839ebb0b60/6683bb7cb212602418279e93_AOG (2).png]
[cdn.prod.website-files.com/6422b97da98152839ebb0b60/66cd8e7921721ae25aa6b70e_TrainEffective.jpg]
[cdn.prod.website-files.com/6422b97da98152839ebb0b60/66cd8e7cc1e8d7a8efb4830b_TrainEffective (1).jpg]
[cdn.prod.website-files.com/6422b97da98152839ebb0b60/66cd8e7f06ab48184d9f2a15_TrainEffective (2).jpg]
[cdn.jsdelivr.net/npm/@finsweet/attributes-cmsfilter@1/cmsfilter.js]
[cdn.jsdelivr.net/npm/@finsweet/attributes-cmssort@1/cmssort.js]
[www.widelab.co/clients.html]
[cdn.jsdelivr.net/npm/@finsweet/attributes-selectcustom@1/selectcustom.js]
[cdn.jsdelivr.net/npm/@finsweet/attributes-cmsnest@1/cmsnest.js]
[www.widelab.co/blog/its-time-for-widelab-rebranding-and-story.html]
[www.widelab.co/blog/enhancing-your-digital-startup-product-6-steps-for-success.html]
[cdn.prod.website-files.com/6422b97da98152839ebb0b60/66b9e4b36785c46117e1c73a_Enhancing your digital startup product- 6 Steps for success hero.png]
[www.widelab.co/blog/success-story-scheidt-bachmann.html]
[cdn.prod.website-files.com/6422b97da98152839ebb0b60/66b9e2f768770faa0111cbf0_Success story- Scheidt & Bachmann.jpg]
[www.widelab.co/blog/clutch-names-widelab-as-one-of-the-game-changing-ux-designers-in-poland.html]
[www.widelab.co/blog/how-to-convert-your-internal-tool-into-a-profitable-saas-app-episode-2.html]
[cdn.prod.website-files.com/6422b97da98152839ebb0b60/66311c85b35810fed38a062f_saas2-1.png]
[www.widelab.co/blog/when-a-shower-just-wont-cut-it-how-to-be-the-most-creative-person-in-the-room.html]
[www.widelab.co/blog/we-just-won-the-awwward-website-of-the-day.html]
[www.widelab.co/blog/design-system-ikeas-approach-to-house-decorating.html]
[www.widelab.co/blog/ux-design-process-in-widelab---redesign-case-study.html]
[www.widelab.co/blog/how-to-convert-your-internal-tool-into-a-profitable-saas-app-episode-1.html]
[www.widelab.co/blog.html]
[www.widelab.co/case-studies/âhttp_/cdn.jsdelivr.net_]
[www.widelab.co/case-studies/traba.html]
[www.widelab.co/case-studies/hopin.html]
[cdn.prod.website-files.com/6422b97da981524088bb0b36/646def2a4df9c8921eba26e1_Maciej Kałaska.png]
[cdn.prod.website-files.com/6422b97da981524088bb0b36/646def2a3625840e9fa4ad86_dev.png]
[www.widelab.co/case-studies/founderpath.html]
[www.widelab.co/case-studies/minnow.html]
[cdn.prod.website-files.com/6422b97da981524088bb0b36/646ca1c8ddabc7a2337a5aed_trolley-mobile-05.png]
[www.widelab.co/case-studies/trolley.html]
[cdn.prod.website-files.com/6422b97da981524088bb0b36/65252c39689a245e52be3696_traineffective-desktop-4-1.png]
[cdn.prod.website-files.com/6422b97da981524088bb0b36/65252c39d9522bc06a3b3ae4_traineffective-desktop-4-2.png]
[www.widelab.co/case-studies/traineffective.html]
[www.widelab.co/blog/âhttp_/cdn.jsdelivr.79.delayed]
[cdn.prod.website-files.com/6422b97da98152839ebb0b60/65dde46810b7cde33c375a30_5.gif]
[www.widelab.co/blog/its-time-for-widelab-rebranding-and-story.html]
[cdn.jsdelivr.net/npm/@finsweet/attributes-readtime@1/readtime.js]
[cdn.prod.website-files.com/6422b97da98152839ebb0b60/66b9e8ad8689b891a298f4db_66b9e64fe366be520ed81a39_Recommended%20analytics%20tools.png]
[cdn.prod.website-files.com/6422b97da98152839ebb0b60/66b9e8ad8689b891a298f4e7_66b9e6efc694c434f7a4bfec_Lean%20canvas%20%E2%80%93%20canvas%20designed%20by%20Widelab.png]
[cdn.prod.website-files.com/6422b97da98152839ebb0b60/66b9e8ad8689b891a298f4f6_66b9e739296292b981d9c033_Financial%20dashboard%20%E2%80%93%20app%20designed%20by%20Widelab.png]
[cdn.prod.website-files.com/6422b97da98152839ebb0b60/66b9e8ad8689b891a298f4ea_66b9e78f63b6e3f972cab135_Widelab%20insights.png]
[cdn.prod.website-files.com/6422b97da98152839ebb0b60/66b9e8ad8689b891a298f4f3_66b9e7c8296292b981da74ea_Mobile%20version%20%E2%80%93%20Hopin%20app%20designed%20by%20Widelab.png]
[cdn.prod.website-files.com/6422b97da98152839ebb0b60/66b9e8ad8689b891a298f4f0_66b9e84fbb34d2d622ea0813_Onboarding%20%E2%80%93%20Stealth%20app%20designed%20by%20Widelab.png]
[cdn.prod.website-files.com/6422b97da98152839ebb0b60/66b9e8ad8689b891a298f4de_66b9e87c505b4436a40d79aa_Design%20system%20variants%20%E2%80%93%20Minnow%20app%20designed%20by%20Widelab.png]
[www.widelab.co/blog/enhancing-your-digital-startup-product-6-steps-for-success.html]
[cdn.prod.website-files.com/6422b97da98152839ebb0b60/66b9e2c5c694c434f7a07736_66b9e2378d4805888d4eb3f2_Scheidt%20%26%20Bachmann%20app%20designed%20by%20Widelab.png]
[cdn.prod.website-files.com/6422b97da98152839ebb0b60/66b9e2c5c694c434f7a0773d_66b9e273ca349144ca13d3d8_Gateway%20devices%20%C2%A9%20Scheidt%20%26%20Bachmann.jpg]
[cdn.prod.website-files.com/6422b97da98152839ebb0b60/66b9e2c5c694c434f7a07732_66b9e2a31ca17adc5fe64902_Clutch%20review%20%E2%80%93%20Scheidt%20%26%20Bachmann.png]
[www.widelab.co/blog/success-story-scheidt-bachmann.html]
[www.widelab.co/blog/clutch-names-widelab-as-one-of-the-game-changing-ux-designers-in-poland.html]
[cdn.prod.website-files.com/6422b97da98152839ebb0b60/66311ce98416b1e0c118bdaf_saas2-2.png]
[cdn.prod.website-files.com/6422b97da98152839ebb0b60/66311d151bf362ecae085f8f_saas2-3.png]
[cdn.prod.website-files.com/6422b97da98152839ebb0b60/66311d3c1bf362ecae088d55_saas2-4.png]
[cdn.prod.website-files.com/6422b97da98152839ebb0b60/66311d68b8c851fd48143f78_saas2-5.png]
[cdn.prod.website-files.com/6422b97da98152839ebb0b60/66311dbe2d6a9d154286e5b1_saas2-6.png]
[cdn.prod.website-files.com/6422b97da98152839ebb0b60/66311e03f1315760af3dd436_saas2-7.png]
[cdn.prod.website-files.com/6422b97da98152839ebb0b60/66311e22d1e610f269c91487_saas2-8.png]
[cdn.prod.website-files.com/6422b97da98152839ebb0b60/66311e4809204c10c63f3856_saas2-9.png]
[cdn.prod.website-files.com/6422b97da98152839ebb0b60/66311e6509204c10c63f6506_saas2-10.png]
[cdn.prod.website-files.com/6422b97da98152839ebb0b60/66311e8f8dbb4151cc8e38e4_saas2-11.png]
[cdn.prod.website-files.com/6422b97da98152839ebb0b60/66311eaf33dd776dc9a5f980_saas2-12.png]
[cdn.prod.website-files.com/6422b97da98152839ebb0b60/66311ed7d3bce0756d305471_saas2-13.png]
[cdn.prod.website-files.com/6422b97da98152839ebb0b60/66311f00c9ac6947718b1725_saas2-14.png]
[cdn.prod.website-files.com/6422b97da98152839ebb0b60/66311f3715cc2dd31ecb91c9_saas2-15.png]
[cdn.prod.website-files.com/6422b97da98152839ebb0b60/66311f5b36509c63dc00a971_saas2-16.png]
[cdn.prod.website-files.com/6422b97da98152839ebb0b60/66311fe5db17f3fa1e4aa889_saas2-18.png]
[www.widelab.co/blog/how-to-convert-your-internal-tool-into-a-profitable-saas-app-episode-2.html]
[www.widelab.co/blog/when-a-shower-just-wont-cut-it-how-to-be-the-most-creative-person-in-the-room.html]
[www.widelab.co/blog/we-just-won-the-awwward-website-of-the-day.html]
[www.widelab.co/blog/design-system-ikeas-approach-to-house-decorating.html]
[www.widelab.co/blog/ux-design-process-in-widelab---redesign-case-study.html]
[www.widelab.co/blog/how-to-convert-your-internal-tool-into-a-profitable-saas-app-episode-1.html]
[www.widelab.co/case-studies/âhttp_/cdn.jsdelivr.html]
[www.widelab.co/blog/âhttp_/cdn.jsdelivr.html]
